INFO  11:19:09.006 [main] (Pleiades) Pleiades キャッシュ保管パス: C:\Users\Yoo\Documents\GitHub\PROJECT-F\eclipse\configuration\jp.sourceforge.mergedoc.pleiades
INFO  11:19:09.008 [main] (Pleiades) Eclipse AOP 起動トランスフォーマーを開始します。Pleiades 起動オプション:null
INFO  11:19:09.030 [pool-2-thread-1] (Applications) ファイル更新検出: 2024-11-15 11:35:45 C:\Users\Yoo\Documents\GitHub\PROJECT-F\eclipse\plugins\javax.xml.rpc_1.1.0.v201209140446
INFO  11:19:09.031 [pool-2-thread-1] (Applications) ファイル更新検出: 2024-11-15 11:35:45 C:\Users\Yoo\Documents\GitHub\PROJECT-F\eclipse\plugins\javax.xml.soap_1.2.0.v201005080501
INFO  11:19:09.032 [pool-2-thread-1] (Applications) ファイル更新検出: 2024-11-15 11:35:45 C:\Users\Yoo\Documents\GitHub\PROJECT-F\eclipse\plugins\org.apache.ant_1.9.6.v201510161327
INFO  11:19:09.033 [pool-2-thread-1] (Applications) ファイル更新検出: 2024-11-15 11:35:45 C:\Users\Yoo\Documents\GitHub\PROJECT-F\eclipse\plugins\org.apache.axis_1.4.0.v201411182030
INFO  11:19:09.034 [pool-2-thread-1] (Applications) ファイル更新検出: 2024-11-15 11:35:45 C:\Users\Yoo\Documents\GitHub\PROJECT-F\eclipse\plugins\org.apache.commons.discovery_0.2.0.v201004190315
INFO  11:19:09.036 [pool-2-thread-1] (Applications) ファイル更新検出: 2024-11-15 11:35:45 C:\Users\Yoo\Documents\GitHub\PROJECT-F\eclipse\plugins\org.eclipse.cdt.core.win32.x86_64_5.4.1.201703062208
INFO  11:19:09.049 [pool-2-thread-1] (Applications) ファイル更新検出: 2024-11-15 11:35:46 C:\Users\Yoo\Documents\GitHub\PROJECT-F\eclipse\plugins\org.eclipse.epp.package.jee_4.6.3.20170314-1500
INFO  11:19:09.050 [pool-2-thread-1] (Applications) ファイル更新検出: 2024-11-15 11:35:46 C:\Users\Yoo\Documents\GitHub\PROJECT-F\eclipse\plugins\org.eclipse.equinox.launcher.win32.win32.x86_64_1.1.401.v20161122-1740
INFO  11:19:09.053 [pool-2-thread-1] (Applications) ファイル更新検出: 2024-11-15 11:35:46 C:\Users\Yoo\Documents\GitHub\PROJECT-F\eclipse\plugins\org.eclipse.jdt.debug_3.10.1.v20160811-0441
INFO  11:19:09.065 [pool-2-thread-1] (Applications) ファイル更新検出: 2024-11-15 11:35:47 C:\Users\Yoo\Documents\GitHub\PROJECT-F\eclipse\plugins\org.eclipse.m2e.archetype.common_1.7.0.20160603-1931
INFO  11:19:09.066 [pool-2-thread-1] (Applications) ファイル更新検出: 2024-11-15 11:35:47 C:\Users\Yoo\Documents\GitHub\PROJECT-F\eclipse\plugins\org.eclipse.m2e.maven.indexer_1.7.0.20160603-1931
INFO  11:19:09.066 [pool-2-thread-1] (Applications) ファイル更新検出: 2024-11-15 11:35:47 C:\Users\Yoo\Documents\GitHub\PROJECT-F\eclipse\plugins\org.eclipse.m2e.maven.runtime.slf4j.simple_1.7.0.20160603-1931
INFO  11:19:09.067 [pool-2-thread-1] (Applications) ファイル更新検出: 2024-11-15 11:35:47 C:\Users\Yoo\Documents\GitHub\PROJECT-F\eclipse\plugins\org.eclipse.m2e.maven.runtime_1.7.0.20160603-1931
INFO  11:19:09.071 [pool-2-thread-1] (Applications) ファイル更新検出: 2024-11-15 11:35:48 C:\Users\Yoo\Documents\GitHub\PROJECT-F\eclipse\plugins\org.eclipse.pde.build_3.9.200.v20160204-0642
INFO  11:19:09.074 [pool-2-thread-1] (Applications) ファイル更新検出: 2024-11-15 11:35:48 C:\Users\Yoo\Documents\GitHub\PROJECT-F\eclipse\plugins\org.eclipse.platform_4.6.3.v20170301-0400
INFO  11:19:09.079 [pool-2-thread-1] (Applications) ファイル更新検出: 2024-11-15 11:35:49 C:\Users\Yoo\Documents\GitHub\PROJECT-F\eclipse\plugins\org.eclipse.ui.themes_1.1.300.v20161107-1827
INFO  11:19:09.088 [pool-2-thread-1] (Applications) ファイル更新検出: 2024-11-15 11:35:50 C:\Users\Yoo\Documents\GitHub\PROJECT-F\eclipse\plugins\org.junit_4.12.0.v201504281640
INFO  11:19:09.129 [pool-2-thread-1] (Applications) ファイル更新最終時刻 (前回): 2024-02-07 10:53:52
INFO  11:19:09.129 [pool-2-thread-1] (Applications) ファイル更新最終時刻 (今回): 2024-11-15 11:35:50
INFO  11:19:09.132 [pool-2-thread-1] (LauncherEclipseTransformer) Eclipse プラグインの更新が検出されたため、強制的に -clean モードで起動します。
INFO  11:19:09.142 [main] (PleiadesConfig) Pleiades 構成ファイルをロードしました。pleiades-config.xml
INFO  11:19:09.145 [pool-1-thread-4] (PropertySet) load  0.000 秒 -      6 エントリー org.eclipse.ui.ide.prefs
INFO  11:19:09.161 [pool-1-thread-2] (PropertySet) load  0.016 秒 -     69 エントリー translation-exclude-package.properties
INFO  11:19:09.194 [pool-1-thread-2] (PropertySet) load  0.025 秒 -    475 エントリー translation-regex.properties
INFO  11:19:09.211 [pool-1-thread-2] (PropertySet) load  0.002 秒 -     16 エントリー translation-regex-through.properties
INFO  11:19:09.333 [main] (LauncherEclipseTransformer) transform: org.eclipse.equinox.launcher.Main
INFO  11:19:09.490 [main] (LauncherTransformer) アプリケーションの起動を開始しました。-clean:true
INFO  11:19:09.499 [main] (CacheFiles) すべてのキャッシュ・ファイルをクリアしました。
INFO  11:19:09.527 [main] (LauncherTransformer) Pleiades AOP 翻訳トランスフォーマーを開始します。
INFO  11:19:09.527 [pool-1-thread-2] (ExcludeClassNameCache) exclude-class.list が存在しません。
INFO  11:19:09.528 [pool-1-thread-2] (TransformedClassCache) transformed-class.cache が存在しません。
INFO  11:19:10.187 [pool-1-thread-2] (AbstractTranslationDictionary$1) load  0.472 秒 - 132956 エントリー translation.properties
INFO  11:19:10.205 [pool-1-thread-2] (PropertySet) load  0.017 秒 -    264 エントリー translation-first.properties
INFO  11:21:20.658 [main] (LauncherEclipseTransformer) transform: org.eclipse.ui.internal.Workbench
INFO  11:21:21.045 [main] (LauncherEclipseTransformer) transform: org.eclipse.ui.internal.ide.application.IDEWorkbenchAdvisor
INFO  11:21:21.559 [main] (LauncherEclipseTransformer) transform: org.eclipse.core.resources.ResourcesPlugin
INFO  11:21:24.024 [main] (LauncherEclipseTransformer) transform: org.eclipse.ui.splash.BasicSplashHandler$AbsolutePositionProgressMonitorPart
INFO  11:21:24.279 [main] (LauncherEclipseTransformer) transform: org.eclipse.ui.internal.WorkbenchWindow
INFO  11:21:24.286 [main] (LauncherTransformer) Pleiades AOP 起動トランスフォーマーを停止します。
INFO  11:21:43.592 [main] (Analyses) Eclipse 始動完了 - 始動時間: 154.034 秒。-clean:true
