!SESSION 2024-11-18 09:41:03.297 -----------------------------------------------
eclipse.buildId=4.6.3.M20170301-0400
java.version=1.8.0_131
java.vendor=Oracle Corporation
BootLoader constants: OS=win32, ARCH=x86_64, WS=win32, NL=ja_JP
Framework arguments:  -product org.eclipse.epp.package.jee.product
Command-line arguments:  -os win32 -ws win32 -arch x86_64 -product org.eclipse.epp.package.jee.product

!ENTRY org.eclipse.equinox.ds 2 0 2024-11-18 09:41:38.559
!MESSAGE [SCR - WorkThread] タイムアウトが発生しました! スレッドが [QueuedJob] WorkPerformer: org.eclipse.equinox.internal.ds.SCRManager@ae93401; actionType 1 処理中にブロックされました

!ENTRY org.eclipse.equinox.ds 2 0 2024-11-18 09:41:38.563
!MESSAGE [SCR] バンドル org.eclipse.ui.trace のコンポーネント有効化が 30000 ミリ秒で完了しませんでした 

!ENTRY org.eclipse.core.runtime 4 0 2024-11-18 09:41:43.578
!MESSAGE FrameworkEvent ERROR
!STACK 0
org.osgi.framework.BundleException: Unable to acquire the state change lock for the module: osgi.identity; type="osgi.bundle"; version:Version="3.12.0.v20160606-1342"; osgi.identity="org.eclipse.core.runtime"; singleton:="true" [id=162] STARTED [STARTED]
	at org.eclipse.osgi.container.Module.lockStateChange(Module.java:337)
	at org.eclipse.osgi.container.Module.start(Module.java:401)
	at org.eclipse.osgi.container.ModuleContainer$ContainerStartLevel.incStartLevel(ModuleContainer.java:1620)
	at org.eclipse.osgi.container.ModuleContainer$ContainerStartLevel.incStartLevel(ModuleContainer.java:1600)
	at org.eclipse.osgi.container.ModuleContainer$ContainerStartLevel.doContainerStartLevel(ModuleContainer.java:1571)
	at org.eclipse.osgi.container.ModuleContainer$ContainerStartLevel.dispatchEvent(ModuleContainer.java:1514)
	at org.eclipse.osgi.container.ModuleContainer$ContainerStartLevel.dispatchEvent(ModuleContainer.java:1)
	at org.eclipse.osgi.framework.eventmgr.EventManager.dispatchEvent(EventManager.java:230)
	at org.eclipse.osgi.framework.eventmgr.EventManager$EventThread.run(EventManager.java:340)
Caused by: java.util.concurrent.TimeoutException: Timeout after waiting 5 seconds to acquire the lock.
	at org.eclipse.osgi.container.Module.lockStateChange(Module.java:334)
	... 8 more
Root exception:
java.util.concurrent.TimeoutException: Timeout after waiting 5 seconds to acquire the lock.
	at org.eclipse.osgi.container.Module.lockStateChange(Module.java:334)
	at org.eclipse.osgi.container.Module.start(Module.java:401)
	at org.eclipse.osgi.container.ModuleContainer$ContainerStartLevel.incStartLevel(ModuleContainer.java:1620)
	at org.eclipse.osgi.container.ModuleContainer$ContainerStartLevel.incStartLevel(ModuleContainer.java:1600)
	at org.eclipse.osgi.container.ModuleContainer$ContainerStartLevel.doContainerStartLevel(ModuleContainer.java:1571)
	at org.eclipse.osgi.container.ModuleContainer$ContainerStartLevel.dispatchEvent(ModuleContainer.java:1514)
	at org.eclipse.osgi.container.ModuleContainer$ContainerStartLevel.dispatchEvent(ModuleContainer.java:1)
	at org.eclipse.osgi.framework.eventmgr.EventManager.dispatchEvent(EventManager.java:230)
	at org.eclipse.osgi.framework.eventmgr.EventManager$EventThread.run(EventManager.java:340)

!ENTRY org.eclipse.osgi 2 0 2024-11-18 09:41:49.374
!MESSAGE クラス "org.eclipse.core.runtime.Plugin" のロード中、スレッド "Thread[Start Level: Equinox Container: 5a271719-0661-473d-adeb-f6d4c3a6c406,5,main]" は、スレッド "Thread[Component Resolve Thread,5,main]" がバンドル "org.eclipse.core.runtime_3.12.0.v20160606-1342 [162]" の開始を完了するのを待機 (5002ms) していてタイムアウトになりました。デッドロックを回避するために、スレッド "Thread[Start Level: Equinox Container: 5a271719-0661-473d-adeb-f6d4c3a6c406,5,main]" が進行中ですが、"org.eclipse.core.runtime.Plugin" は完全に初期化されていない可能性があります。
!STACK 0
org.osgi.framework.BundleException: Unable to acquire the state change lock for the module: osgi.identity; type="osgi.bundle"; version:Version="3.12.0.v20160606-1342"; osgi.identity="org.eclipse.core.runtime"; singleton:="true" [id=162] STARTED [STARTED]
	at org.eclipse.osgi.container.Module.lockStateChange(Module.java:337)
	at org.eclipse.osgi.container.Module.start(Module.java:401)
	at org.eclipse.osgi.framework.util.SecureAction.start(SecureAction.java:470)
	at org.eclipse.osgi.internal.hooks.EclipseLazyStarter.postFindLocalClass(EclipseLazyStarter.java:107)
	at org.eclipse.osgi.internal.loader.classpath.ClasspathManager.findLocalClass(ClasspathManager.java:529)
	at org.eclipse.osgi.internal.loader.ModuleClassLoader.findLocalClass(ModuleClassLoader.java:325)
	at org.eclipse.osgi.internal.loader.BundleLoader.findLocalClass(BundleLoader.java:345)
	at org.eclipse.osgi.internal.loader.sources.SingleSourcePackage.loadClass(SingleSourcePackage.java:36)
	at org.eclipse.osgi.internal.loader.sources.MultiSourcePackage.loadClass(MultiSourcePackage.java:32)
	at org.eclipse.osgi.internal.loader.BundleLoader.findClassInternal(BundleLoader.java:419)
	at org.eclipse.osgi.internal.loader.BundleLoader.findClass(BundleLoader.java:372)
	at org.eclipse.osgi.internal.loader.BundleLoader.findClass(BundleLoader.java:364)
	at org.eclipse.osgi.internal.loader.ModuleClassLoader.loadClass(ModuleClassLoader.java:161)
	at java.lang.ClassLoader.loadClass(ClassLoader.java:357)
	at java.lang.ClassLoader.defineClass1(Native Method)
	at java.lang.ClassLoader.defineClass(ClassLoader.java:763)
	at org.eclipse.osgi.internal.loader.ModuleClassLoader.defineClass(ModuleClassLoader.java:273)
	at org.eclipse.osgi.internal.loader.classpath.ClasspathManager.defineClass(ClasspathManager.java:632)
	at org.eclipse.osgi.internal.loader.classpath.ClasspathManager.findClassImpl(ClasspathManager.java:586)
	at org.eclipse.osgi.internal.loader.classpath.ClasspathManager.findLocalClassImpl(ClasspathManager.java:538)
	at org.eclipse.osgi.internal.loader.classpath.ClasspathManager.findLocalClass(ClasspathManager.java:525)
	at org.eclipse.osgi.internal.loader.ModuleClassLoader.findLocalClass(ModuleClassLoader.java:325)
	at org.eclipse.osgi.internal.loader.BundleLoader.findLocalClass(BundleLoader.java:345)
	at org.eclipse.osgi.internal.loader.BundleLoader.findClassInternal(BundleLoader.java:423)
	at org.eclipse.osgi.internal.loader.BundleLoader.findClass(BundleLoader.java:372)
	at org.eclipse.osgi.internal.loader.BundleLoader.findClass(BundleLoader.java:364)
	at org.eclipse.osgi.internal.framework.BundleContextImpl.loadBundleActivator(BundleContextImpl.java:757)
	at org.eclipse.osgi.internal.framework.BundleContextImpl.start(BundleContextImpl.java:711)
	at org.eclipse.osgi.internal.framework.EquinoxBundle.startWorker0(EquinoxBundle.java:932)
	at org.eclipse.osgi.internal.framework.EquinoxBundle$EquinoxModule.startWorker(EquinoxBundle.java:309)
	at org.eclipse.osgi.container.Module.doStart(Module.java:581)
	at org.eclipse.osgi.container.Module.start(Module.java:449)
	at org.eclipse.osgi.container.ModuleContainer$ContainerStartLevel.incStartLevel(ModuleContainer.java:1620)
	at org.eclipse.osgi.container.ModuleContainer$ContainerStartLevel.incStartLevel(ModuleContainer.java:1600)
	at org.eclipse.osgi.container.ModuleContainer$ContainerStartLevel.doContainerStartLevel(ModuleContainer.java:1571)
	at org.eclipse.osgi.container.ModuleContainer$ContainerStartLevel.dispatchEvent(ModuleContainer.java:1514)
	at org.eclipse.osgi.container.ModuleContainer$ContainerStartLevel.dispatchEvent(ModuleContainer.java:1)
	at org.eclipse.osgi.framework.eventmgr.EventManager.dispatchEvent(EventManager.java:230)
	at org.eclipse.osgi.framework.eventmgr.EventManager$EventThread.run(EventManager.java:340)
Caused by: java.util.concurrent.TimeoutException: Timeout after waiting 5 seconds to acquire the lock.
	at org.eclipse.osgi.container.Module.lockStateChange(Module.java:334)
	... 38 more
Root exception:
java.util.concurrent.TimeoutException: Timeout after waiting 5 seconds to acquire the lock.
	at org.eclipse.osgi.container.Module.lockStateChange(Module.java:334)
	at org.eclipse.osgi.container.Module.start(Module.java:401)
	at org.eclipse.osgi.framework.util.SecureAction.start(SecureAction.java:470)
	at org.eclipse.osgi.internal.hooks.EclipseLazyStarter.postFindLocalClass(EclipseLazyStarter.java:107)
	at org.eclipse.osgi.internal.loader.classpath.ClasspathManager.findLocalClass(ClasspathManager.java:529)
	at org.eclipse.osgi.internal.loader.ModuleClassLoader.findLocalClass(ModuleClassLoader.java:325)
	at org.eclipse.osgi.internal.loader.BundleLoader.findLocalClass(BundleLoader.java:345)
	at org.eclipse.osgi.internal.loader.sources.SingleSourcePackage.loadClass(SingleSourcePackage.java:36)
	at org.eclipse.osgi.internal.loader.sources.MultiSourcePackage.loadClass(MultiSourcePackage.java:32)
	at org.eclipse.osgi.internal.loader.BundleLoader.findClassInternal(BundleLoader.java:419)
	at org.eclipse.osgi.internal.loader.BundleLoader.findClass(BundleLoader.java:372)
	at org.eclipse.osgi.internal.loader.BundleLoader.findClass(BundleLoader.java:364)
	at org.eclipse.osgi.internal.loader.ModuleClassLoader.loadClass(ModuleClassLoader.java:161)
	at java.lang.ClassLoader.loadClass(ClassLoader.java:357)
	at java.lang.ClassLoader.defineClass1(Native Method)
	at java.lang.ClassLoader.defineClass(ClassLoader.java:763)
	at org.eclipse.osgi.internal.loader.ModuleClassLoader.defineClass(ModuleClassLoader.java:273)
	at org.eclipse.osgi.internal.loader.classpath.ClasspathManager.defineClass(ClasspathManager.java:632)
	at org.eclipse.osgi.internal.loader.classpath.ClasspathManager.findClassImpl(ClasspathManager.java:586)
	at org.eclipse.osgi.internal.loader.classpath.ClasspathManager.findLocalClassImpl(ClasspathManager.java:538)
	at org.eclipse.osgi.internal.loader.classpath.ClasspathManager.findLocalClass(ClasspathManager.java:525)
	at org.eclipse.osgi.internal.loader.ModuleClassLoader.findLocalClass(ModuleClassLoader.java:325)
	at org.eclipse.osgi.internal.loader.BundleLoader.findLocalClass(BundleLoader.java:345)
	at org.eclipse.osgi.internal.loader.BundleLoader.findClassInternal(BundleLoader.java:423)
	at org.eclipse.osgi.internal.loader.BundleLoader.findClass(BundleLoader.java:372)
	at org.eclipse.osgi.internal.loader.BundleLoader.findClass(BundleLoader.java:364)
	at org.eclipse.osgi.internal.framework.BundleContextImpl.loadBundleActivator(BundleContextImpl.java:757)
	at org.eclipse.osgi.internal.framework.BundleContextImpl.start(BundleContextImpl.java:711)
	at org.eclipse.osgi.internal.framework.EquinoxBundle.startWorker0(EquinoxBundle.java:932)
	at org.eclipse.osgi.internal.framework.EquinoxBundle$EquinoxModule.startWorker(EquinoxBundle.java:309)
	at org.eclipse.osgi.container.Module.doStart(Module.java:581)
	at org.eclipse.osgi.container.Module.start(Module.java:449)
	at org.eclipse.osgi.container.ModuleContainer$ContainerStartLevel.incStartLevel(ModuleContainer.java:1620)
	at org.eclipse.osgi.container.ModuleContainer$ContainerStartLevel.incStartLevel(ModuleContainer.java:1600)
	at org.eclipse.osgi.container.ModuleContainer$ContainerStartLevel.doContainerStartLevel(ModuleContainer.java:1571)
	at org.eclipse.osgi.container.ModuleContainer$ContainerStartLevel.dispatchEvent(ModuleContainer.java:1514)
	at org.eclipse.osgi.container.ModuleContainer$ContainerStartLevel.dispatchEvent(ModuleContainer.java:1)
	at org.eclipse.osgi.framework.eventmgr.EventManager.dispatchEvent(EventManager.java:230)
	at org.eclipse.osgi.framework.eventmgr.EventManager$EventThread.run(EventManager.java:340)

!ENTRY org.eclipse.osgi 2 0 2024-11-18 09:41:54.392
!MESSAGE クラス "org.eclipse.core.runtime.Platform" のロード中、スレッド "Thread[Start Level: Equinox Container: 5a271719-0661-473d-adeb-f6d4c3a6c406,5,main]" は、スレッド "Thread[Component Resolve Thread,5,main]" がバンドル "org.eclipse.core.runtime_3.12.0.v20160606-1342 [162]" の開始を完了するのを待機 (5002ms) していてタイムアウトになりました。デッドロックを回避するために、スレッド "Thread[Start Level: Equinox Container: 5a271719-0661-473d-adeb-f6d4c3a6c406,5,main]" が進行中ですが、"org.eclipse.core.runtime.Platform" は完全に初期化されていない可能性があります。
!STACK 0
org.osgi.framework.BundleException: Unable to acquire the state change lock for the module: osgi.identity; type="osgi.bundle"; version:Version="3.12.0.v20160606-1342"; osgi.identity="org.eclipse.core.runtime"; singleton:="true" [id=162] STARTED [STARTED]
	at org.eclipse.osgi.container.Module.lockStateChange(Module.java:337)
	at org.eclipse.osgi.container.Module.start(Module.java:401)
	at org.eclipse.osgi.framework.util.SecureAction.start(SecureAction.java:470)
	at org.eclipse.osgi.internal.hooks.EclipseLazyStarter.postFindLocalClass(EclipseLazyStarter.java:107)
	at org.eclipse.osgi.internal.loader.classpath.ClasspathManager.findLocalClass(ClasspathManager.java:529)
	at org.eclipse.osgi.internal.loader.ModuleClassLoader.findLocalClass(ModuleClassLoader.java:325)
	at org.eclipse.osgi.internal.loader.BundleLoader.findLocalClass(BundleLoader.java:345)
	at org.eclipse.osgi.internal.loader.sources.SingleSourcePackage.loadClass(SingleSourcePackage.java:36)
	at org.eclipse.osgi.internal.loader.sources.MultiSourcePackage.loadClass(MultiSourcePackage.java:32)
	at org.eclipse.osgi.internal.loader.BundleLoader.findClassInternal(BundleLoader.java:419)
	at org.eclipse.osgi.internal.loader.BundleLoader.findClass(BundleLoader.java:372)
	at org.eclipse.osgi.internal.loader.BundleLoader.findClass(BundleLoader.java:364)
	at org.eclipse.osgi.internal.loader.ModuleClassLoader.loadClass(ModuleClassLoader.java:161)
	at java.lang.ClassLoader.loadClass(ClassLoader.java:357)
	at org.eclipse.m2e.logback.configuration.LogPlugin.isStateLocationInitialized(LogPlugin.java:67)
	at org.eclipse.m2e.logback.configuration.LogPlugin.start(LogPlugin.java:91)
	at org.eclipse.osgi.internal.framework.BundleContextImpl$3.run(BundleContextImpl.java:774)
	at org.eclipse.osgi.internal.framework.BundleContextImpl$3.run(BundleContextImpl.java:1)
	at java.security.AccessController.doPrivileged(Native Method)
	at org.eclipse.osgi.internal.framework.BundleContextImpl.startActivator(BundleContextImpl.java:767)
	at org.eclipse.osgi.internal.framework.BundleContextImpl.start(BundleContextImpl.java:724)
	at org.eclipse.osgi.internal.framework.EquinoxBundle.startWorker0(EquinoxBundle.java:932)
	at org.eclipse.osgi.internal.framework.EquinoxBundle$EquinoxModule.startWorker(EquinoxBundle.java:309)
	at org.eclipse.osgi.container.Module.doStart(Module.java:581)
	at org.eclipse.osgi.container.Module.start(Module.java:449)
	at org.eclipse.osgi.container.ModuleContainer$ContainerStartLevel.incStartLevel(ModuleContainer.java:1620)
	at org.eclipse.osgi.container.ModuleContainer$ContainerStartLevel.incStartLevel(ModuleContainer.java:1600)
	at org.eclipse.osgi.container.ModuleContainer$ContainerStartLevel.doContainerStartLevel(ModuleContainer.java:1571)
	at org.eclipse.osgi.container.ModuleContainer$ContainerStartLevel.dispatchEvent(ModuleContainer.java:1514)
	at org.eclipse.osgi.container.ModuleContainer$ContainerStartLevel.dispatchEvent(ModuleContainer.java:1)
	at org.eclipse.osgi.framework.eventmgr.EventManager.dispatchEvent(EventManager.java:230)
	at org.eclipse.osgi.framework.eventmgr.EventManager$EventThread.run(EventManager.java:340)
Caused by: java.util.concurrent.TimeoutException: Timeout after waiting 5 seconds to acquire the lock.
	at org.eclipse.osgi.container.Module.lockStateChange(Module.java:334)
	... 31 more
Root exception:
java.util.concurrent.TimeoutException: Timeout after waiting 5 seconds to acquire the lock.
	at org.eclipse.osgi.container.Module.lockStateChange(Module.java:334)
	at org.eclipse.osgi.container.Module.start(Module.java:401)
	at org.eclipse.osgi.framework.util.SecureAction.start(SecureAction.java:470)
	at org.eclipse.osgi.internal.hooks.EclipseLazyStarter.postFindLocalClass(EclipseLazyStarter.java:107)
	at org.eclipse.osgi.internal.loader.classpath.ClasspathManager.findLocalClass(ClasspathManager.java:529)
	at org.eclipse.osgi.internal.loader.ModuleClassLoader.findLocalClass(ModuleClassLoader.java:325)
	at org.eclipse.osgi.internal.loader.BundleLoader.findLocalClass(BundleLoader.java:345)
	at org.eclipse.osgi.internal.loader.sources.SingleSourcePackage.loadClass(SingleSourcePackage.java:36)
	at org.eclipse.osgi.internal.loader.sources.MultiSourcePackage.loadClass(MultiSourcePackage.java:32)
	at org.eclipse.osgi.internal.loader.BundleLoader.findClassInternal(BundleLoader.java:419)
	at org.eclipse.osgi.internal.loader.BundleLoader.findClass(BundleLoader.java:372)
	at org.eclipse.osgi.internal.loader.BundleLoader.findClass(BundleLoader.java:364)
	at org.eclipse.osgi.internal.loader.ModuleClassLoader.loadClass(ModuleClassLoader.java:161)
	at java.lang.ClassLoader.loadClass(ClassLoader.java:357)
	at org.eclipse.m2e.logback.configuration.LogPlugin.isStateLocationInitialized(LogPlugin.java:67)
	at org.eclipse.m2e.logback.configuration.LogPlugin.start(LogPlugin.java:91)
	at org.eclipse.osgi.internal.framework.BundleContextImpl$3.run(BundleContextImpl.java:774)
	at org.eclipse.osgi.internal.framework.BundleContextImpl$3.run(BundleContextImpl.java:1)
	at java.security.AccessController.doPrivileged(Native Method)
	at org.eclipse.osgi.internal.framework.BundleContextImpl.startActivator(BundleContextImpl.java:767)
	at org.eclipse.osgi.internal.framework.BundleContextImpl.start(BundleContextImpl.java:724)
	at org.eclipse.osgi.internal.framework.EquinoxBundle.startWorker0(EquinoxBundle.java:932)
	at org.eclipse.osgi.internal.framework.EquinoxBundle$EquinoxModule.startWorker(EquinoxBundle.java:309)
	at org.eclipse.osgi.container.Module.doStart(Module.java:581)
	at org.eclipse.osgi.container.Module.start(Module.java:449)
	at org.eclipse.osgi.container.ModuleContainer$ContainerStartLevel.incStartLevel(ModuleContainer.java:1620)
	at org.eclipse.osgi.container.ModuleContainer$ContainerStartLevel.incStartLevel(ModuleContainer.java:1600)
	at org.eclipse.osgi.container.ModuleContainer$ContainerStartLevel.doContainerStartLevel(ModuleContainer.java:1571)
	at org.eclipse.osgi.container.ModuleContainer$ContainerStartLevel.dispatchEvent(ModuleContainer.java:1514)
	at org.eclipse.osgi.container.ModuleContainer$ContainerStartLevel.dispatchEvent(ModuleContainer.java:1)
	at org.eclipse.osgi.framework.eventmgr.EventManager.dispatchEvent(EventManager.java:230)
	at org.eclipse.osgi.framework.eventmgr.EventManager$EventThread.run(EventManager.java:340)

!ENTRY org.eclipse.osgi 2 0 2024-11-18 09:41:59.398
!MESSAGE クラス "org.eclipse.core.internal.runtime.Messages" のロード中、スレッド "Thread[Start Level: Equinox Container: 5a271719-0661-473d-adeb-f6d4c3a6c406,5,main]" は、スレッド "Thread[Component Resolve Thread,5,main]" がバンドル "org.eclipse.core.runtime_3.12.0.v20160606-1342 [162]" の開始を完了するのを待機 (5002ms) していてタイムアウトになりました。デッドロックを回避するために、スレッド "Thread[Start Level: Equinox Container: 5a271719-0661-473d-adeb-f6d4c3a6c406,5,main]" が進行中ですが、"org.eclipse.core.internal.runtime.Messages" は完全に初期化されていない可能性があります。
!STACK 0
org.osgi.framework.BundleException: Unable to acquire the state change lock for the module: osgi.identity; type="osgi.bundle"; version:Version="3.12.0.v20160606-1342"; osgi.identity="org.eclipse.core.runtime"; singleton:="true" [id=162] STARTED [STARTED]
	at org.eclipse.osgi.container.Module.lockStateChange(Module.java:337)
	at org.eclipse.osgi.container.Module.start(Module.java:401)
	at org.eclipse.osgi.framework.util.SecureAction.start(SecureAction.java:470)
	at org.eclipse.osgi.internal.hooks.EclipseLazyStarter.postFindLocalClass(EclipseLazyStarter.java:107)
	at org.eclipse.osgi.internal.loader.classpath.ClasspathManager.findLocalClass(ClasspathManager.java:529)
	at org.eclipse.osgi.internal.loader.ModuleClassLoader.findLocalClass(ModuleClassLoader.java:325)
	at org.eclipse.osgi.internal.loader.BundleLoader.findLocalClass(BundleLoader.java:345)
	at org.eclipse.osgi.internal.loader.BundleLoader.findClassInternal(BundleLoader.java:423)
	at org.eclipse.osgi.internal.loader.BundleLoader.findClass(BundleLoader.java:372)
	at org.eclipse.osgi.internal.loader.BundleLoader.findClass(BundleLoader.java:364)
	at org.eclipse.osgi.internal.loader.ModuleClassLoader.loadClass(ModuleClassLoader.java:161)
	at java.lang.ClassLoader.loadClass(ClassLoader.java:357)
	at org.eclipse.core.runtime.Platform.<clinit>(Platform.java:434)
	at org.eclipse.m2e.logback.configuration.LogPlugin.isStateLocationInitialized(LogPlugin.java:67)
	at org.eclipse.m2e.logback.configuration.LogPlugin.start(LogPlugin.java:91)
	at org.eclipse.osgi.internal.framework.BundleContextImpl$3.run(BundleContextImpl.java:774)
	at org.eclipse.osgi.internal.framework.BundleContextImpl$3.run(BundleContextImpl.java:1)
	at java.security.AccessController.doPrivileged(Native Method)
	at org.eclipse.osgi.internal.framework.BundleContextImpl.startActivator(BundleContextImpl.java:767)
	at org.eclipse.osgi.internal.framework.BundleContextImpl.start(BundleContextImpl.java:724)
	at org.eclipse.osgi.internal.framework.EquinoxBundle.startWorker0(EquinoxBundle.java:932)
	at org.eclipse.osgi.internal.framework.EquinoxBundle$EquinoxModule.startWorker(EquinoxBundle.java:309)
	at org.eclipse.osgi.container.Module.doStart(Module.java:581)
	at org.eclipse.osgi.container.Module.start(Module.java:449)
	at org.eclipse.osgi.container.ModuleContainer$ContainerStartLevel.incStartLevel(ModuleContainer.java:1620)
	at org.eclipse.osgi.container.ModuleContainer$ContainerStartLevel.incStartLevel(ModuleContainer.java:1600)
	at org.eclipse.osgi.container.ModuleContainer$ContainerStartLevel.doContainerStartLevel(ModuleContainer.java:1571)
	at org.eclipse.osgi.container.ModuleContainer$ContainerStartLevel.dispatchEvent(ModuleContainer.java:1514)
	at org.eclipse.osgi.container.ModuleContainer$ContainerStartLevel.dispatchEvent(ModuleContainer.java:1)
	at org.eclipse.osgi.framework.eventmgr.EventManager.dispatchEvent(EventManager.java:230)
	at org.eclipse.osgi.framework.eventmgr.EventManager$EventThread.run(EventManager.java:340)
Caused by: java.util.concurrent.TimeoutException: Timeout after waiting 5 seconds to acquire the lock.
	at org.eclipse.osgi.container.Module.lockStateChange(Module.java:334)
	... 30 more
Root exception:
java.util.concurrent.TimeoutException: Timeout after waiting 5 seconds to acquire the lock.
	at org.eclipse.osgi.container.Module.lockStateChange(Module.java:334)
	at org.eclipse.osgi.container.Module.start(Module.java:401)
	at org.eclipse.osgi.framework.util.SecureAction.start(SecureAction.java:470)
	at org.eclipse.osgi.internal.hooks.EclipseLazyStarter.postFindLocalClass(EclipseLazyStarter.java:107)
	at org.eclipse.osgi.internal.loader.classpath.ClasspathManager.findLocalClass(ClasspathManager.java:529)
	at org.eclipse.osgi.internal.loader.ModuleClassLoader.findLocalClass(ModuleClassLoader.java:325)
	at org.eclipse.osgi.internal.loader.BundleLoader.findLocalClass(BundleLoader.java:345)
	at org.eclipse.osgi.internal.loader.BundleLoader.findClassInternal(BundleLoader.java:423)
	at org.eclipse.osgi.internal.loader.BundleLoader.findClass(BundleLoader.java:372)
	at org.eclipse.osgi.internal.loader.BundleLoader.findClass(BundleLoader.java:364)
	at org.eclipse.osgi.internal.loader.ModuleClassLoader.loadClass(ModuleClassLoader.java:161)
	at java.lang.ClassLoader.loadClass(ClassLoader.java:357)
	at org.eclipse.core.runtime.Platform.<clinit>(Platform.java:434)
	at org.eclipse.m2e.logback.configuration.LogPlugin.isStateLocationInitialized(LogPlugin.java:67)
	at org.eclipse.m2e.logback.configuration.LogPlugin.start(LogPlugin.java:91)
	at org.eclipse.osgi.internal.framework.BundleContextImpl$3.run(BundleContextImpl.java:774)
	at org.eclipse.osgi.internal.framework.BundleContextImpl$3.run(BundleContextImpl.java:1)
	at java.security.AccessController.doPrivileged(Native Method)
	at org.eclipse.osgi.internal.framework.BundleContextImpl.startActivator(BundleContextImpl.java:767)
	at org.eclipse.osgi.internal.framework.BundleContextImpl.start(BundleContextImpl.java:724)
	at org.eclipse.osgi.internal.framework.EquinoxBundle.startWorker0(EquinoxBundle.java:932)
	at org.eclipse.osgi.internal.framework.EquinoxBundle$EquinoxModule.startWorker(EquinoxBundle.java:309)
	at org.eclipse.osgi.container.Module.doStart(Module.java:581)
	at org.eclipse.osgi.container.Module.start(Module.java:449)
	at org.eclipse.osgi.container.ModuleContainer$ContainerStartLevel.incStartLevel(ModuleContainer.java:1620)
	at org.eclipse.osgi.container.ModuleContainer$ContainerStartLevel.incStartLevel(ModuleContainer.java:1600)
	at org.eclipse.osgi.container.ModuleContainer$ContainerStartLevel.doContainerStartLevel(ModuleContainer.java:1571)
	at org.eclipse.osgi.container.ModuleContainer$ContainerStartLevel.dispatchEvent(ModuleContainer.java:1514)
	at org.eclipse.osgi.container.ModuleContainer$ContainerStartLevel.dispatchEvent(ModuleContainer.java:1)
	at org.eclipse.osgi.framework.eventmgr.EventManager.dispatchEvent(EventManager.java:230)
	at org.eclipse.osgi.framework.eventmgr.EventManager$EventThread.run(EventManager.java:340)

!ENTRY org.eclipse.osgi 4 0 2024-11-18 09:41:59.598
!MESSAGE アプリケーション・エラー
!STACK 1
java.lang.IllegalStateException: アプリケーション・サービスを獲得できません。org.eclipse.core.runtime バンドルが解決済みかつ始動済みであるか確認してください (config.ini を参照)。
	at org.eclipse.core.runtime.internal.adaptor.EclipseAppLauncher.start(EclipseAppLauncher.java:78)
	at org.eclipse.core.runtime.adaptor.EclipseStarter.run(EclipseStarter.java:388)
	at org.eclipse.core.runtime.adaptor.EclipseStarter.run(EclipseStarter.java:243)
	at sun.reflect.NativeMethodAccessorImpl.invoke0(Native Method)
	at sun.reflect.NativeMethodAccessorImpl.invoke(NativeMethodAccessorImpl.java:62)
	at sun.reflect.DelegatingMethodAccessorImpl.invoke(DelegatingMethodAccessorImpl.java:43)
	at java.lang.reflect.Method.invoke(Method.java:498)
	at org.eclipse.equinox.launcher.Main.invokeFramework(Main.java:673)
	at org.eclipse.equinox.launcher.Main.basicRun(Main.java:610)
	at org.eclipse.equinox.launcher.Main.run(Main.java:1519)

!ENTRY org.eclipse.ui.trace 4 0 2024-11-18 09:42:04.826
!MESSAGE FrameworkEvent ERROR
!STACK 0
org.osgi.framework.BundleException: Unable to acquire the state change lock for the module: osgi.identity; type="osgi.bundle"; version:Version="1.0.400.v20160509-1055"; osgi.identity="org.eclipse.ui.trace"; singleton:="true" [id=878] STOPPED [STARTED]
	at org.eclipse.osgi.container.Module.lockStateChange(Module.java:337)
	at org.eclipse.osgi.container.Module.stop(Module.java:490)
	at org.eclipse.osgi.container.ModuleContainer$ContainerStartLevel.decStartLevel(ModuleContainer.java:1661)
	at org.eclipse.osgi.container.ModuleContainer$ContainerStartLevel.doContainerStartLevel(ModuleContainer.java:1580)
	at org.eclipse.osgi.container.SystemModule.stopWorker(SystemModule.java:270)
	at org.eclipse.osgi.internal.framework.EquinoxBundle$SystemBundle$EquinoxSystemModule.stopWorker(EquinoxBundle.java:147)
	at org.eclipse.osgi.container.Module.doStop(Module.java:636)
	at org.eclipse.osgi.container.Module.stop(Module.java:498)
	at org.eclipse.osgi.container.SystemModule.stop(SystemModule.java:202)
	at org.eclipse.osgi.internal.framework.EquinoxBundle$SystemBundle$EquinoxSystemModule$1.run(EquinoxBundle.java:165)
	at java.lang.Thread.run(Thread.java:748)
Caused by: java.util.concurrent.TimeoutException: Timeout after waiting 5 seconds to acquire the lock.
	at org.eclipse.osgi.container.Module.lockStateChange(Module.java:334)
	... 10 more
Root exception:
java.util.concurrent.TimeoutException: Timeout after waiting 5 seconds to acquire the lock.
	at org.eclipse.osgi.container.Module.lockStateChange(Module.java:334)
	at org.eclipse.osgi.container.Module.stop(Module.java:490)
	at org.eclipse.osgi.container.ModuleContainer$ContainerStartLevel.decStartLevel(ModuleContainer.java:1661)
	at org.eclipse.osgi.container.ModuleContainer$ContainerStartLevel.doContainerStartLevel(ModuleContainer.java:1580)
	at org.eclipse.osgi.container.SystemModule.stopWorker(SystemModule.java:270)
	at org.eclipse.osgi.internal.framework.EquinoxBundle$SystemBundle$EquinoxSystemModule.stopWorker(EquinoxBundle.java:147)
	at org.eclipse.osgi.container.Module.doStop(Module.java:636)
	at org.eclipse.osgi.container.Module.stop(Module.java:498)
	at org.eclipse.osgi.container.SystemModule.stop(SystemModule.java:202)
	at org.eclipse.osgi.internal.framework.EquinoxBundle$SystemBundle$EquinoxSystemModule$1.run(EquinoxBundle.java:165)
	at java.lang.Thread.run(Thread.java:748)

!ENTRY org.eclipse.core.runtime 4 0 2024-11-18 09:42:09.864
!MESSAGE FrameworkEvent ERROR
!STACK 0
org.osgi.framework.BundleException: Unable to acquire the state change lock for the module: osgi.identity; type="osgi.bundle"; version:Version="3.12.0.v20160606-1342"; osgi.identity="org.eclipse.core.runtime"; singleton:="true" [id=162] STOPPED [STARTED]
	at org.eclipse.osgi.container.Module.lockStateChange(Module.java:337)
	at org.eclipse.osgi.container.Module.stop(Module.java:490)
	at org.eclipse.osgi.container.ModuleContainer$ContainerStartLevel.decStartLevel(ModuleContainer.java:1661)
	at org.eclipse.osgi.container.ModuleContainer$ContainerStartLevel.doContainerStartLevel(ModuleContainer.java:1580)
	at org.eclipse.osgi.container.SystemModule.stopWorker(SystemModule.java:270)
	at org.eclipse.osgi.internal.framework.EquinoxBundle$SystemBundle$EquinoxSystemModule.stopWorker(EquinoxBundle.java:147)
	at org.eclipse.osgi.container.Module.doStop(Module.java:636)
	at org.eclipse.osgi.container.Module.stop(Module.java:498)
	at org.eclipse.osgi.container.SystemModule.stop(SystemModule.java:202)
	at org.eclipse.osgi.internal.framework.EquinoxBundle$SystemBundle$EquinoxSystemModule$1.run(EquinoxBundle.java:165)
	at java.lang.Thread.run(Thread.java:748)
Caused by: java.util.concurrent.TimeoutException: Timeout after waiting 5 seconds to acquire the lock.
	at org.eclipse.osgi.container.Module.lockStateChange(Module.java:334)
	... 10 more
Root exception:
java.util.concurrent.TimeoutException: Timeout after waiting 5 seconds to acquire the lock.
	at org.eclipse.osgi.container.Module.lockStateChange(Module.java:334)
	at org.eclipse.osgi.container.Module.stop(Module.java:490)
	at org.eclipse.osgi.container.ModuleContainer$ContainerStartLevel.decStartLevel(ModuleContainer.java:1661)
	at org.eclipse.osgi.container.ModuleContainer$ContainerStartLevel.doContainerStartLevel(ModuleContainer.java:1580)
	at org.eclipse.osgi.container.SystemModule.stopWorker(SystemModule.java:270)
	at org.eclipse.osgi.internal.framework.EquinoxBundle$SystemBundle$EquinoxSystemModule.stopWorker(EquinoxBundle.java:147)
	at org.eclipse.osgi.container.Module.doStop(Module.java:636)
	at org.eclipse.osgi.container.Module.stop(Module.java:498)
	at org.eclipse.osgi.container.SystemModule.stop(SystemModule.java:202)
	at org.eclipse.osgi.internal.framework.EquinoxBundle$SystemBundle$EquinoxSystemModule$1.run(EquinoxBundle.java:165)
	at java.lang.Thread.run(Thread.java:748)
